<?xml version="1.0" encoding="UTF-8"?>
<!-- Generated by org.testng.reporters.JUnitReportReporter -->
<testsuite skipped="0" hostname="PC039ZCQ" name="TestPackage.testNG3" tests="1" failures="0" timestamp="2020-07-22T17:50:18 PDT" time="0.002" errors="0">
  <testcase name="Car" time="0.002" classname="TestPackage.testNG3"/>
  <system-out/>
</testsuite> <!-- TestPackage.testNG3 -->
