<?xml version="1.0" encoding="UTF-8"?>
<!-- Generated by org.testng.reporters.JUnitReportReporter -->
<testsuite skipped="0" hostname="PC039ZCQ" name="TestPackage.testNG1" tests="2" failures="0" timestamp="2020-07-22T17:50:18 PDT" time="0.008" errors="0">
  <testcase name="Demo1" time="0.002" classname="TestPackage.testNG1"/>
  <system-out/>
  <testcase name="Demo" time="0.006" classname="TestPackage.testNG1"/>
  <system-out/>
</testsuite> <!-- TestPackage.testNG1 -->
