<?xml version="1.0" encoding="UTF-8"?>
<!-- Generated by org.testng.reporters.JUnitReportReporter -->
<testsuite skipped="0" hostname="PC039ZCQ" name="TestPackage.testNG2" tests="3" failures="0" timestamp="2020-07-22T17:50:18 PDT" time="0.006" errors="0">
  <testcase name="Fan" time="0.001" classname="TestPackage.testNG2"/>
  <system-out/>
  <testcase name="Demo" time="0.003" classname="TestPackage.testNG2"/>
  <system-out/>
  <testcase name="Demo" time="0.002" classname="TestPackage.testNG2"/>
  <system-out/>
</testsuite> <!-- TestPackage.testNG2 -->
