<?xml version="1.0" encoding="UTF-8"?>
<!-- Generated by org.testng.reporters.JUnitReportReporter -->
<testsuite skipped="0" hostname="PC039ZCQ" name="TestPackage.estNG4" tests="2" failures="0" timestamp="2020-07-22T17:50:18 PDT" time="0.005" errors="0">
  <testcase name="my" time="0.002" classname="TestPackage.estNG4"/>
  <system-out/>
  <testcase name="Memo" time="0.003" classname="TestPackage.estNG4"/>
  <system-out/>
</testsuite> <!-- TestPackage.estNG4 -->
